2019-08-31 13:56:25,706 ERROR 42736 nodejs.TypeError: cluster.fork is not a function (uncaughtException throw 1 times on pid:42736)
    at reload (F:\James\study\front-end\code\blog\blog-node-egg\node_modules\cluster-reload\index.js:67:23)
    at Master.onReload (F:\James\study\front-end\code\blog\blog-node-egg\node_modules\egg-cluster\lib\master.js:650:30)
    at emitOne (events.js:116:13)
    at Master.emit (events.js:211:7)
    at Messenger.sendToMaster (F:\James\study\front-end\code\blog\blog-node-egg\node_modules\egg-cluster\lib\utils\messenger.js:137:17)
    at Messenger.send (F:\James\study\front-end\code\blog\blog-node-egg\node_modules\egg-cluster\lib\utils\messenger.js:102:12)
    at ChildProcess.agentWorker.on.msg (F:\James\study\front-end\code\blog\blog-node-egg\node_modules\egg-cluster\lib\master.js:279:22)
    at emitTwo (events.js:126:13)
    at ChildProcess.emit (events.js:214:7)
    at emit (internal/child_process.js:772:12)
    at _combinedTickCallback (internal/process/next_tick.js:141:11)
    at process._tickCallback (internal/process/next_tick.js:180:9)

pid: 42736
hostname: A00010010864

2019-08-31 13:59:56,147 ERROR 40320 nodejs.TypeError: cluster.fork is not a function (uncaughtException throw 1 times on pid:40320)
    at reload (F:\James\study\front-end\code\blog\blog-node-egg\node_modules\cluster-reload\index.js:67:23)
    at Master.onReload (F:\James\study\front-end\code\blog\blog-node-egg\node_modules\egg-cluster\lib\master.js:650:30)
    at emitOne (events.js:116:13)
    at Master.emit (events.js:211:7)
    at Messenger.sendToMaster (F:\James\study\front-end\code\blog\blog-node-egg\node_modules\egg-cluster\lib\utils\messenger.js:137:17)
    at Messenger.send (F:\James\study\front-end\code\blog\blog-node-egg\node_modules\egg-cluster\lib\utils\messenger.js:102:12)
    at ChildProcess.agentWorker.on.msg (F:\James\study\front-end\code\blog\blog-node-egg\node_modules\egg-cluster\lib\master.js:279:22)
    at emitTwo (events.js:126:13)
    at ChildProcess.emit (events.js:214:7)
    at emit (internal/child_process.js:772:12)
    at _combinedTickCallback (internal/process/next_tick.js:141:11)
    at process._tickCallback (internal/process/next_tick.js:180:9)

pid: 40320
hostname: A00010010864

2019-08-31 14:01:29,619 ERROR 50700 nodejs.TypeError: cluster.fork is not a function (uncaughtException throw 1 times on pid:50700)
    at reload (F:\James\study\front-end\code\blog\blog-node-egg\node_modules\cluster-reload\index.js:67:23)
    at Master.onReload (F:\James\study\front-end\code\blog\blog-node-egg\node_modules\egg-cluster\lib\master.js:650:30)
    at emitOne (events.js:116:13)
    at Master.emit (events.js:211:7)
    at Messenger.sendToMaster (F:\James\study\front-end\code\blog\blog-node-egg\node_modules\egg-cluster\lib\utils\messenger.js:137:17)
    at Messenger.send (F:\James\study\front-end\code\blog\blog-node-egg\node_modules\egg-cluster\lib\utils\messenger.js:102:12)
    at ChildProcess.agentWorker.on.msg (F:\James\study\front-end\code\blog\blog-node-egg\node_modules\egg-cluster\lib\master.js:279:22)
    at emitTwo (events.js:126:13)
    at ChildProcess.emit (events.js:214:7)
    at emit (internal/child_process.js:772:12)
    at _combinedTickCallback (internal/process/next_tick.js:141:11)
    at process._tickCallback (internal/process/next_tick.js:180:9)

pid: 50700
hostname: A00010010864

2019-08-31 14:01:38,233 ERROR 44360 nodejs.TypeError: cluster.fork is not a function (uncaughtException throw 1 times on pid:44360)
    at reload (F:\James\study\front-end\code\blog\blog-node-egg\node_modules\cluster-reload\index.js:67:23)
    at Master.onReload (F:\James\study\front-end\code\blog\blog-node-egg\node_modules\egg-cluster\lib\master.js:650:30)
    at emitOne (events.js:116:13)
    at Master.emit (events.js:211:7)
    at Messenger.sendToMaster (F:\James\study\front-end\code\blog\blog-node-egg\node_modules\egg-cluster\lib\utils\messenger.js:137:17)
    at Messenger.send (F:\James\study\front-end\code\blog\blog-node-egg\node_modules\egg-cluster\lib\utils\messenger.js:102:12)
    at ChildProcess.agentWorker.on.msg (F:\James\study\front-end\code\blog\blog-node-egg\node_modules\egg-cluster\lib\master.js:279:22)
    at emitTwo (events.js:126:13)
    at ChildProcess.emit (events.js:214:7)
    at emit (internal/child_process.js:772:12)
    at _combinedTickCallback (internal/process/next_tick.js:141:11)
    at process._tickCallback (internal/process/next_tick.js:180:9)

pid: 44360
hostname: A00010010864

2019-08-31 14:02:12,076 ERROR 43212 nodejs.TypeError: cluster.fork is not a function (uncaughtException throw 1 times on pid:43212)
    at reload (F:\James\study\front-end\code\blog\blog-node-egg\node_modules\cluster-reload\index.js:67:23)
    at Master.onReload (F:\James\study\front-end\code\blog\blog-node-egg\node_modules\egg-cluster\lib\master.js:650:30)
    at emitOne (events.js:116:13)
    at Master.emit (events.js:211:7)
    at Messenger.sendToMaster (F:\James\study\front-end\code\blog\blog-node-egg\node_modules\egg-cluster\lib\utils\messenger.js:137:17)
    at Messenger.send (F:\James\study\front-end\code\blog\blog-node-egg\node_modules\egg-cluster\lib\utils\messenger.js:102:12)
    at ChildProcess.agentWorker.on.msg (F:\James\study\front-end\code\blog\blog-node-egg\node_modules\egg-cluster\lib\master.js:279:22)
    at emitTwo (events.js:126:13)
    at ChildProcess.emit (events.js:214:7)
    at emit (internal/child_process.js:772:12)
    at _combinedTickCallback (internal/process/next_tick.js:141:11)
    at process._tickCallback (internal/process/next_tick.js:180:9)

pid: 43212
hostname: A00010010864

2019-08-31 14:02:22,375 ERROR 51584 nodejs.TypeError: cluster.fork is not a function (uncaughtException throw 1 times on pid:51584)
    at reload (F:\James\study\front-end\code\blog\blog-node-egg\node_modules\cluster-reload\index.js:67:23)
    at Master.onReload (F:\James\study\front-end\code\blog\blog-node-egg\node_modules\egg-cluster\lib\master.js:650:30)
    at emitOne (events.js:116:13)
    at Master.emit (events.js:211:7)
    at Messenger.sendToMaster (F:\James\study\front-end\code\blog\blog-node-egg\node_modules\egg-cluster\lib\utils\messenger.js:137:17)
    at Messenger.send (F:\James\study\front-end\code\blog\blog-node-egg\node_modules\egg-cluster\lib\utils\messenger.js:102:12)
    at ChildProcess.agentWorker.on.msg (F:\James\study\front-end\code\blog\blog-node-egg\node_modules\egg-cluster\lib\master.js:279:22)
    at emitTwo (events.js:126:13)
    at ChildProcess.emit (events.js:214:7)
    at emit (internal/child_process.js:772:12)
    at _combinedTickCallback (internal/process/next_tick.js:141:11)
    at process._tickCallback (internal/process/next_tick.js:180:9)

pid: 51584
hostname: A00010010864

2019-08-31 14:03:21,447 ERROR 51884 nodejs.TypeError: cluster.fork is not a function (uncaughtException throw 1 times on pid:51884)
    at reload (F:\James\study\front-end\code\blog\blog-node-egg\node_modules\cluster-reload\index.js:67:23)
    at Master.onReload (F:\James\study\front-end\code\blog\blog-node-egg\node_modules\egg-cluster\lib\master.js:650:30)
    at emitOne (events.js:116:13)
    at Master.emit (events.js:211:7)
    at Messenger.sendToMaster (F:\James\study\front-end\code\blog\blog-node-egg\node_modules\egg-cluster\lib\utils\messenger.js:137:17)
    at Messenger.send (F:\James\study\front-end\code\blog\blog-node-egg\node_modules\egg-cluster\lib\utils\messenger.js:102:12)
    at ChildProcess.agentWorker.on.msg (F:\James\study\front-end\code\blog\blog-node-egg\node_modules\egg-cluster\lib\master.js:279:22)
    at emitTwo (events.js:126:13)
    at ChildProcess.emit (events.js:214:7)
    at emit (internal/child_process.js:772:12)
    at _combinedTickCallback (internal/process/next_tick.js:141:11)
    at process._tickCallback (internal/process/next_tick.js:180:9)

pid: 51884
hostname: A00010010864

2019-08-31 14:03:34,930 ERROR 52060 nodejs.TypeError: cluster.fork is not a function (uncaughtException throw 1 times on pid:52060)
    at reload (F:\James\study\front-end\code\blog\blog-node-egg\node_modules\cluster-reload\index.js:67:23)
    at Master.onReload (F:\James\study\front-end\code\blog\blog-node-egg\node_modules\egg-cluster\lib\master.js:650:30)
    at emitOne (events.js:116:13)
    at Master.emit (events.js:211:7)
    at Messenger.sendToMaster (F:\James\study\front-end\code\blog\blog-node-egg\node_modules\egg-cluster\lib\utils\messenger.js:137:17)
    at Messenger.send (F:\James\study\front-end\code\blog\blog-node-egg\node_modules\egg-cluster\lib\utils\messenger.js:102:12)
    at ChildProcess.agentWorker.on.msg (F:\James\study\front-end\code\blog\blog-node-egg\node_modules\egg-cluster\lib\master.js:279:22)
    at emitTwo (events.js:126:13)
    at ChildProcess.emit (events.js:214:7)
    at emit (internal/child_process.js:772:12)
    at _combinedTickCallback (internal/process/next_tick.js:141:11)
    at process._tickCallback (internal/process/next_tick.js:180:9)

pid: 52060
hostname: A00010010864

2019-08-31 14:04:26,816 ERROR 52072 nodejs.TypeError: cluster.fork is not a function (uncaughtException throw 1 times on pid:52072)
    at reload (F:\James\study\front-end\code\blog\blog-node-egg\node_modules\cluster-reload\index.js:67:23)
    at Master.onReload (F:\James\study\front-end\code\blog\blog-node-egg\node_modules\egg-cluster\lib\master.js:650:30)
    at emitOne (events.js:116:13)
    at Master.emit (events.js:211:7)
    at Messenger.sendToMaster (F:\James\study\front-end\code\blog\blog-node-egg\node_modules\egg-cluster\lib\utils\messenger.js:137:17)
    at Messenger.send (F:\James\study\front-end\code\blog\blog-node-egg\node_modules\egg-cluster\lib\utils\messenger.js:102:12)
    at ChildProcess.agentWorker.on.msg (F:\James\study\front-end\code\blog\blog-node-egg\node_modules\egg-cluster\lib\master.js:279:22)
    at emitTwo (events.js:126:13)
    at ChildProcess.emit (events.js:214:7)
    at emit (internal/child_process.js:772:12)
    at _combinedTickCallback (internal/process/next_tick.js:141:11)
    at process._tickCallback (internal/process/next_tick.js:180:9)

pid: 52072
hostname: A00010010864

2019-08-31 14:04:43,334 ERROR 52272 nodejs.TypeError: cluster.fork is not a function (uncaughtException throw 1 times on pid:52272)
    at reload (F:\James\study\front-end\code\blog\blog-node-egg\node_modules\cluster-reload\index.js:67:23)
    at Master.onReload (F:\James\study\front-end\code\blog\blog-node-egg\node_modules\egg-cluster\lib\master.js:650:30)
    at emitOne (events.js:116:13)
    at Master.emit (events.js:211:7)
    at Messenger.sendToMaster (F:\James\study\front-end\code\blog\blog-node-egg\node_modules\egg-cluster\lib\utils\messenger.js:137:17)
    at Messenger.send (F:\James\study\front-end\code\blog\blog-node-egg\node_modules\egg-cluster\lib\utils\messenger.js:102:12)
    at ChildProcess.agentWorker.on.msg (F:\James\study\front-end\code\blog\blog-node-egg\node_modules\egg-cluster\lib\master.js:279:22)
    at emitTwo (events.js:126:13)
    at ChildProcess.emit (events.js:214:7)
    at emit (internal/child_process.js:772:12)
    at _combinedTickCallback (internal/process/next_tick.js:141:11)
    at process._tickCallback (internal/process/next_tick.js:180:9)

pid: 52272
hostname: A00010010864

2019-08-31 14:05:21,327 ERROR 51608 nodejs.TypeError: cluster.fork is not a function (uncaughtException throw 1 times on pid:51608)
    at reload (F:\James\study\front-end\code\blog\blog-node-egg\node_modules\cluster-reload\index.js:67:23)
    at Master.onReload (F:\James\study\front-end\code\blog\blog-node-egg\node_modules\egg-cluster\lib\master.js:650:30)
    at emitOne (events.js:116:13)
    at Master.emit (events.js:211:7)
    at Messenger.sendToMaster (F:\James\study\front-end\code\blog\blog-node-egg\node_modules\egg-cluster\lib\utils\messenger.js:137:17)
    at Messenger.send (F:\James\study\front-end\code\blog\blog-node-egg\node_modules\egg-cluster\lib\utils\messenger.js:102:12)
    at ChildProcess.agentWorker.on.msg (F:\James\study\front-end\code\blog\blog-node-egg\node_modules\egg-cluster\lib\master.js:279:22)
    at emitTwo (events.js:126:13)
    at ChildProcess.emit (events.js:214:7)
    at emit (internal/child_process.js:772:12)
    at _combinedTickCallback (internal/process/next_tick.js:141:11)
    at process._tickCallback (internal/process/next_tick.js:180:9)

pid: 51608
hostname: A00010010864

2019-08-31 14:06:23,748 ERROR 51460 nodejs.TypeError: cluster.fork is not a function (uncaughtException throw 1 times on pid:51460)
    at reload (F:\James\study\front-end\code\blog\blog-node-egg\node_modules\cluster-reload\index.js:67:23)
    at Master.onReload (F:\James\study\front-end\code\blog\blog-node-egg\node_modules\egg-cluster\lib\master.js:650:30)
    at emitOne (events.js:116:13)
    at Master.emit (events.js:211:7)
    at Messenger.sendToMaster (F:\James\study\front-end\code\blog\blog-node-egg\node_modules\egg-cluster\lib\utils\messenger.js:137:17)
    at Messenger.send (F:\James\study\front-end\code\blog\blog-node-egg\node_modules\egg-cluster\lib\utils\messenger.js:102:12)
    at ChildProcess.agentWorker.on.msg (F:\James\study\front-end\code\blog\blog-node-egg\node_modules\egg-cluster\lib\master.js:279:22)
    at emitTwo (events.js:126:13)
    at ChildProcess.emit (events.js:214:7)
    at emit (internal/child_process.js:772:12)
    at _combinedTickCallback (internal/process/next_tick.js:141:11)
    at process._tickCallback (internal/process/next_tick.js:180:9)

pid: 51460
hostname: A00010010864

2019-08-31 14:07:37,418 ERROR 53116 nodejs.TypeError: cluster.fork is not a function (uncaughtException throw 1 times on pid:53116)
    at reload (F:\James\study\front-end\code\blog\blog-node-egg\node_modules\cluster-reload\index.js:67:23)
    at Master.onReload (F:\James\study\front-end\code\blog\blog-node-egg\node_modules\egg-cluster\lib\master.js:650:30)
    at emitOne (events.js:116:13)
    at Master.emit (events.js:211:7)
    at Messenger.sendToMaster (F:\James\study\front-end\code\blog\blog-node-egg\node_modules\egg-cluster\lib\utils\messenger.js:137:17)
    at Messenger.send (F:\James\study\front-end\code\blog\blog-node-egg\node_modules\egg-cluster\lib\utils\messenger.js:102:12)
    at ChildProcess.agentWorker.on.msg (F:\James\study\front-end\code\blog\blog-node-egg\node_modules\egg-cluster\lib\master.js:279:22)
    at emitTwo (events.js:126:13)
    at ChildProcess.emit (events.js:214:7)
    at emit (internal/child_process.js:772:12)
    at _combinedTickCallback (internal/process/next_tick.js:141:11)
    at process._tickCallback (internal/process/next_tick.js:180:9)

pid: 53116
hostname: A00010010864

2019-08-31 14:07:50,429 ERROR 43024 nodejs.TypeError: cluster.fork is not a function (uncaughtException throw 1 times on pid:43024)
    at reload (F:\James\study\front-end\code\blog\blog-node-egg\node_modules\cluster-reload\index.js:67:23)
    at Master.onReload (F:\James\study\front-end\code\blog\blog-node-egg\node_modules\egg-cluster\lib\master.js:650:30)
    at emitOne (events.js:116:13)
    at Master.emit (events.js:211:7)
    at Messenger.sendToMaster (F:\James\study\front-end\code\blog\blog-node-egg\node_modules\egg-cluster\lib\utils\messenger.js:137:17)
    at Messenger.send (F:\James\study\front-end\code\blog\blog-node-egg\node_modules\egg-cluster\lib\utils\messenger.js:102:12)
    at ChildProcess.agentWorker.on.msg (F:\James\study\front-end\code\blog\blog-node-egg\node_modules\egg-cluster\lib\master.js:279:22)
    at emitTwo (events.js:126:13)
    at ChildProcess.emit (events.js:214:7)
    at emit (internal/child_process.js:772:12)
    at _combinedTickCallback (internal/process/next_tick.js:141:11)
    at process._tickCallback (internal/process/next_tick.js:180:9)

pid: 43024
hostname: A00010010864

2019-08-31 14:08:01,094 ERROR 54204 nodejs.TypeError: cluster.fork is not a function (uncaughtException throw 1 times on pid:54204)
    at reload (F:\James\study\front-end\code\blog\blog-node-egg\node_modules\cluster-reload\index.js:67:23)
    at Master.onReload (F:\James\study\front-end\code\blog\blog-node-egg\node_modules\egg-cluster\lib\master.js:650:30)
    at emitOne (events.js:116:13)
    at Master.emit (events.js:211:7)
    at Messenger.sendToMaster (F:\James\study\front-end\code\blog\blog-node-egg\node_modules\egg-cluster\lib\utils\messenger.js:137:17)
    at Messenger.send (F:\James\study\front-end\code\blog\blog-node-egg\node_modules\egg-cluster\lib\utils\messenger.js:102:12)
    at ChildProcess.agentWorker.on.msg (F:\James\study\front-end\code\blog\blog-node-egg\node_modules\egg-cluster\lib\master.js:279:22)
    at emitTwo (events.js:126:13)
    at ChildProcess.emit (events.js:214:7)
    at emit (internal/child_process.js:772:12)
    at _combinedTickCallback (internal/process/next_tick.js:141:11)
    at process._tickCallback (internal/process/next_tick.js:180:9)

pid: 54204
hostname: A00010010864

2019-08-31 14:08:33,807 ERROR 52708 nodejs.TypeError: cluster.fork is not a function (uncaughtException throw 1 times on pid:52708)
    at reload (F:\James\study\front-end\code\blog\blog-node-egg\node_modules\cluster-reload\index.js:67:23)
    at Master.onReload (F:\James\study\front-end\code\blog\blog-node-egg\node_modules\egg-cluster\lib\master.js:650:30)
    at emitOne (events.js:116:13)
    at Master.emit (events.js:211:7)
    at Messenger.sendToMaster (F:\James\study\front-end\code\blog\blog-node-egg\node_modules\egg-cluster\lib\utils\messenger.js:137:17)
    at Messenger.send (F:\James\study\front-end\code\blog\blog-node-egg\node_modules\egg-cluster\lib\utils\messenger.js:102:12)
    at ChildProcess.agentWorker.on.msg (F:\James\study\front-end\code\blog\blog-node-egg\node_modules\egg-cluster\lib\master.js:279:22)
    at emitTwo (events.js:126:13)
    at ChildProcess.emit (events.js:214:7)
    at emit (internal/child_process.js:772:12)
    at _combinedTickCallback (internal/process/next_tick.js:141:11)
    at process._tickCallback (internal/process/next_tick.js:180:9)

pid: 52708
hostname: A00010010864

2019-08-31 14:10:54,564 ERROR 53948 nodejs.TypeError: cluster.fork is not a function (uncaughtException throw 1 times on pid:53948)
    at reload (F:\James\study\front-end\code\blog\blog-node-egg\node_modules\cluster-reload\index.js:67:23)
    at Master.onReload (F:\James\study\front-end\code\blog\blog-node-egg\node_modules\egg-cluster\lib\master.js:650:30)
    at emitOne (events.js:116:13)
    at Master.emit (events.js:211:7)
    at Messenger.sendToMaster (F:\James\study\front-end\code\blog\blog-node-egg\node_modules\egg-cluster\lib\utils\messenger.js:137:17)
    at Messenger.send (F:\James\study\front-end\code\blog\blog-node-egg\node_modules\egg-cluster\lib\utils\messenger.js:102:12)
    at ChildProcess.agentWorker.on.msg (F:\James\study\front-end\code\blog\blog-node-egg\node_modules\egg-cluster\lib\master.js:279:22)
    at emitTwo (events.js:126:13)
    at ChildProcess.emit (events.js:214:7)
    at emit (internal/child_process.js:772:12)
    at _combinedTickCallback (internal/process/next_tick.js:141:11)
    at process._tickCallback (internal/process/next_tick.js:180:9)

pid: 53948
hostname: A00010010864

2019-08-31 14:11:32,377 ERROR 54340 nodejs.TypeError: cluster.fork is not a function (uncaughtException throw 1 times on pid:54340)
    at reload (F:\James\study\front-end\code\blog\blog-node-egg\node_modules\cluster-reload\index.js:67:23)
    at Master.onReload (F:\James\study\front-end\code\blog\blog-node-egg\node_modules\egg-cluster\lib\master.js:650:30)
    at emitOne (events.js:116:13)
    at Master.emit (events.js:211:7)
    at Messenger.sendToMaster (F:\James\study\front-end\code\blog\blog-node-egg\node_modules\egg-cluster\lib\utils\messenger.js:137:17)
    at Messenger.send (F:\James\study\front-end\code\blog\blog-node-egg\node_modules\egg-cluster\lib\utils\messenger.js:102:12)
    at ChildProcess.agentWorker.on.msg (F:\James\study\front-end\code\blog\blog-node-egg\node_modules\egg-cluster\lib\master.js:279:22)
    at emitTwo (events.js:126:13)
    at ChildProcess.emit (events.js:214:7)
    at emit (internal/child_process.js:772:12)
    at _combinedTickCallback (internal/process/next_tick.js:141:11)
    at process._tickCallback (internal/process/next_tick.js:180:9)

pid: 54340
hostname: A00010010864

2019-08-31 14:14:18,483 ERROR 54412 nodejs.TypeError: cluster.fork is not a function (uncaughtException throw 1 times on pid:54412)
    at reload (F:\James\study\front-end\code\blog\blog-node-egg\node_modules\cluster-reload\index.js:67:23)
    at Master.onReload (F:\James\study\front-end\code\blog\blog-node-egg\node_modules\egg-cluster\lib\master.js:650:30)
    at emitOne (events.js:116:13)
    at Master.emit (events.js:211:7)
    at Messenger.sendToMaster (F:\James\study\front-end\code\blog\blog-node-egg\node_modules\egg-cluster\lib\utils\messenger.js:137:17)
    at Messenger.send (F:\James\study\front-end\code\blog\blog-node-egg\node_modules\egg-cluster\lib\utils\messenger.js:102:12)
    at ChildProcess.agentWorker.on.msg (F:\James\study\front-end\code\blog\blog-node-egg\node_modules\egg-cluster\lib\master.js:279:22)
    at emitTwo (events.js:126:13)
    at ChildProcess.emit (events.js:214:7)
    at emit (internal/child_process.js:772:12)
    at _combinedTickCallback (internal/process/next_tick.js:141:11)
    at process._tickCallback (internal/process/next_tick.js:180:9)

pid: 54412
hostname: A00010010864

2019-08-31 14:14:33,015 ERROR 56092 [-/127.0.0.1/-/3523ms POST /getUser] nodejs.TypeError: Converting circular structure to JSON
    at JSON.stringify (<anonymous>)
    at Object.hash (F:\James\study\front-end\code\blog\blog-node-egg\node_modules\koa-session\lib\util.js:35:21)
    at ContextSession._shouldSaveSession (F:\James\study\front-end\code\blog\blog-node-egg\node_modules\koa-session\lib\context.js:254:39)
    at ContextSession.commit (F:\James\study\front-end\code\blog\blog-node-egg\node_modules\koa-session\lib\context.js:230:25)
    at session (F:\James\study\front-end\code\blog\blog-node-egg\node_modules\koa-session\index.js:46:20)
    at <anonymous>
    at process._tickCallback (internal/process/next_tick.js:188:7)
headers: {"Access-Control-Allow-Origin":"*","Access-Control-Allow-Credentials":"true","vary":"Origin"}
pid: 56092
hostname: A00010010864

