2019-10-05 10:36:37,792 INFO 17404 [egg:logger] init all loggers with options: {"dir":"F:\\front-end\\front-end-study\\code\\project\\github-demo\\blog\\react\\blog-node-egg\\logs\\blog-node-egg","encoding":"utf8","env":"prod","level":"INFO","consoleLevel":"INFO","disableConsoleAfterReady":true,"outputJSON":false,"buffer":true,"appLogName":"blog-node-egg-web.log","coreLogName":"egg-web.log","agentLogName":"egg-agent.log","errorLogName":"common-error.log","coreLogger":{},"allowDebugAtProd":false,"type":"application"}
2019-10-05 10:36:38,439 INFO 17404 [egg-multipart] stream mode enable
2019-10-05 10:36:54,574 INFO 17404 [egg-mongoose] connecting mongodb://127.0.0.1:27017/blogNode
2019-10-05 10:36:57,555 INFO 17404 [egg-static] starting static serve /public/ -> F:\front-end\front-end-study\code\project\github-demo\blog\react\blog-node-egg\app\public
2019-10-05 10:36:57,583 INFO 17404 [egg-security] use methodnoallow middleware
2019-10-05 10:36:57,626 INFO 17404 [egg-security] use noopen middleware
2019-10-05 10:36:58,403 INFO 17404 [egg-security] use nosniff middleware
2019-10-05 10:36:58,574 INFO 17404 [egg-security] use xssProtection middleware
2019-10-05 10:36:58,715 INFO 17404 [egg-security] use xframe middleware
2019-10-05 10:36:58,730 INFO 17404 [egg-security] use dta middleware
2019-10-05 10:36:58,757 INFO 17404 [egg-security] compose 6 middlewares into one security middleware
2019-10-05 10:36:59,347 INFO 17404 [egg:core] dump config after load, 103ms
2019-10-05 10:36:59,412 INFO 17404 [egg-mongoose] starting...
2019-10-05 10:36:37,846 INFO 18620 [egg:logger] init all loggers with options: {"dir":"F:\\front-end\\front-end-study\\code\\project\\github-demo\\blog\\react\\blog-node-egg\\logs\\blog-node-egg","encoding":"utf8","env":"prod","level":"INFO","consoleLevel":"INFO","disableConsoleAfterReady":true,"outputJSON":false,"buffer":true,"appLogName":"blog-node-egg-web.log","coreLogName":"egg-web.log","agentLogName":"egg-agent.log","errorLogName":"common-error.log","coreLogger":{},"allowDebugAtProd":false,"type":"application"}
2019-10-05 10:36:38,506 INFO 18620 [egg-multipart] stream mode enable
2019-10-05 10:36:54,563 INFO 18620 [egg-mongoose] connecting mongodb://127.0.0.1:27017/blogNode
2019-10-05 10:36:57,553 INFO 18620 [egg-static] starting static serve /public/ -> F:\front-end\front-end-study\code\project\github-demo\blog\react\blog-node-egg\app\public
2019-10-05 10:36:57,804 INFO 18620 [egg-security] use methodnoallow middleware
2019-10-05 10:36:57,839 INFO 18620 [egg-security] use noopen middleware
2019-10-05 10:36:57,879 INFO 18620 [egg-security] use nosniff middleware
2019-10-05 10:36:58,446 INFO 18620 [egg-security] use xssProtection middleware
2019-10-05 10:36:58,641 INFO 18620 [egg-security] use xframe middleware
2019-10-05 10:36:58,680 INFO 18620 [egg-security] use dta middleware
2019-10-05 10:36:58,703 INFO 18620 [egg-security] compose 6 middlewares into one security middleware
2019-10-05 10:36:59,714 INFO 18620 [egg:core] dump config after load, 35ms
2019-10-05 10:37:00,551 INFO 18620 [egg-mongoose] starting...
2019-10-05 10:36:37,411 INFO 11004 [egg:logger] init all loggers with options: {"dir":"F:\\front-end\\front-end-study\\code\\project\\github-demo\\blog\\react\\blog-node-egg\\logs\\blog-node-egg","encoding":"utf8","env":"prod","level":"INFO","consoleLevel":"INFO","disableConsoleAfterReady":true,"outputJSON":false,"buffer":true,"appLogName":"blog-node-egg-web.log","coreLogName":"egg-web.log","agentLogName":"egg-agent.log","errorLogName":"common-error.log","coreLogger":{},"allowDebugAtProd":false,"type":"application"}
2019-10-05 10:36:38,365 INFO 11004 [egg-multipart] stream mode enable
2019-10-05 10:36:54,570 INFO 11004 [egg-mongoose] connecting mongodb://127.0.0.1:27017/blogNode
2019-10-05 10:36:57,558 INFO 11004 [egg-static] starting static serve /public/ -> F:\front-end\front-end-study\code\project\github-demo\blog\react\blog-node-egg\app\public
2019-10-05 10:36:57,585 INFO 11004 [egg-security] use methodnoallow middleware
2019-10-05 10:36:58,782 INFO 11004 [egg-security] use noopen middleware
2019-10-05 10:36:59,126 INFO 11004 [egg-security] use nosniff middleware
2019-10-05 10:36:59,437 INFO 11004 [egg-security] use xssProtection middleware
2019-10-05 10:36:59,528 INFO 11004 [egg-security] use xframe middleware
2019-10-05 10:36:59,536 INFO 11004 [egg-security] use dta middleware
2019-10-05 10:36:59,541 INFO 11004 [egg-security] compose 6 middlewares into one security middleware
2019-10-05 10:37:00,237 INFO 11004 [egg:core] dump config after load, 70ms
2019-10-05 10:37:00,494 INFO 11004 [egg-mongoose] starting...
2019-10-05 10:37:02,460 INFO 11004 [egg-watcher:application] watcher start success
2019-10-05 10:37:01,167 INFO 17404 [egg-watcher:application] watcher start success
2019-10-05 10:37:01,258 INFO 17404 [egg-mongoose] mongodb://127.0.0.1:27017/blogNode connected successfully
2019-10-05 10:37:02,594 INFO 17404 [egg-mongoose] instance[0] start successfully
2019-10-05 10:36:37,578 INFO 19260 [egg:logger] init all loggers with options: {"dir":"F:\\front-end\\front-end-study\\code\\project\\github-demo\\blog\\react\\blog-node-egg\\logs\\blog-node-egg","encoding":"utf8","env":"prod","level":"INFO","consoleLevel":"INFO","disableConsoleAfterReady":true,"outputJSON":false,"buffer":true,"appLogName":"blog-node-egg-web.log","coreLogName":"egg-web.log","agentLogName":"egg-agent.log","errorLogName":"common-error.log","coreLogger":{},"allowDebugAtProd":false,"type":"application"}
2019-10-05 10:36:38,305 INFO 19260 [egg-multipart] stream mode enable
2019-10-05 10:36:54,602 INFO 19260 [egg-mongoose] connecting mongodb://127.0.0.1:27017/blogNode
2019-10-05 10:36:58,037 INFO 19260 [egg-static] starting static serve /public/ -> F:\front-end\front-end-study\code\project\github-demo\blog\react\blog-node-egg\app\public
2019-10-05 10:36:58,401 INFO 19260 [egg-security] use methodnoallow middleware
2019-10-05 10:36:58,450 INFO 19260 [egg-security] use noopen middleware
2019-10-05 10:36:58,522 INFO 19260 [egg-security] use nosniff middleware
2019-10-05 10:36:58,975 INFO 19260 [egg-security] use xssProtection middleware
2019-10-05 10:36:59,059 INFO 19260 [egg-security] use xframe middleware
2019-10-05 10:36:59,672 INFO 19260 [egg-security] use dta middleware
2019-10-05 10:36:59,752 INFO 19260 [egg-security] compose 6 middlewares into one security middleware
2019-10-05 10:37:00,472 INFO 19260 [egg:core] dump config after load, 32ms
2019-10-05 10:37:00,519 INFO 19260 [egg-mongoose] starting...
2019-10-05 10:37:03,212 INFO 17404 [egg:core] dump config after ready, 110ms
2019-10-05 10:37:03,265 INFO 19260 [egg-watcher:application] watcher start success
2019-10-05 10:37:03,458 INFO 19260 [egg-mongoose] mongodb://127.0.0.1:27017/blogNode connected successfully
2019-10-05 10:37:03,595 INFO 19260 [egg-mongoose] instance[0] start successfully
2019-10-05 10:37:04,110 INFO 19260 [egg:core] dump config after ready, 137ms
2019-10-05 10:37:02,410 INFO 18620 [egg-watcher:application] watcher start success
2019-10-05 10:37:03,639 INFO 18620 [egg-mongoose] mongodb://127.0.0.1:27017/blogNode connected successfully
2019-10-05 10:37:03,807 INFO 18620 [egg-mongoose] instance[0] start successfully
2019-10-05 10:37:02,568 INFO 11004 [egg-mongoose] mongodb://127.0.0.1:27017/blogNode connected successfully
2019-10-05 10:37:02,741 INFO 11004 [egg-mongoose] instance[0] start successfully
2019-10-05 10:37:04,546 INFO 18620 [egg:core] dump config after ready, 193ms
2019-10-05 10:37:04,686 INFO 11004 [egg:core] dump config after ready, 161ms
2019-10-05 10:37:29,881 INFO 14220 [egg:logger] init all loggers with options: {"dir":"F:\\front-end\\front-end-study\\code\\project\\github-demo\\blog\\react\\blog-node-egg\\logs\\blog-node-egg","encoding":"utf8","env":"prod","level":"INFO","consoleLevel":"INFO","disableConsoleAfterReady":true,"outputJSON":false,"buffer":true,"appLogName":"blog-node-egg-web.log","coreLogName":"egg-web.log","agentLogName":"egg-agent.log","errorLogName":"common-error.log","coreLogger":{},"allowDebugAtProd":false,"type":"application"}
2019-10-05 10:37:30,619 INFO 14220 [egg-multipart] stream mode enable
2019-10-05 10:37:32,905 INFO 14220 [egg-mongoose] connecting mongodb://127.0.0.1:27017/blogNode
2019-10-05 10:37:34,287 INFO 14220 [egg-static] starting static serve /public/ -> F:\front-end\front-end-study\code\project\github-demo\blog\react\blog-node-egg\app\public
2019-10-05 10:37:34,711 INFO 14220 [egg-security] use methodnoallow middleware
2019-10-05 10:37:34,761 INFO 14220 [egg-security] use noopen middleware
2019-10-05 10:37:34,802 INFO 14220 [egg-security] use nosniff middleware
2019-10-05 10:37:34,812 INFO 14220 [egg-security] use xssProtection middleware
2019-10-05 10:37:34,826 INFO 14220 [egg-security] use xframe middleware
2019-10-05 10:37:34,832 INFO 14220 [egg-security] use dta middleware
2019-10-05 10:37:34,834 INFO 14220 [egg-security] compose 6 middlewares into one security middleware
2019-10-05 10:37:35,617 INFO 14220 [egg:core] dump config after load, 241ms
2019-10-05 10:37:35,970 INFO 14220 [egg-mongoose] starting...
2019-10-05 10:37:37,410 INFO 14220 [egg-watcher:application] watcher start success
2019-10-05 10:37:30,807 INFO 11200 [egg:logger] init all loggers with options: {"dir":"F:\\front-end\\front-end-study\\code\\project\\github-demo\\blog\\react\\blog-node-egg\\logs\\blog-node-egg","encoding":"utf8","env":"prod","level":"INFO","consoleLevel":"INFO","disableConsoleAfterReady":true,"outputJSON":false,"buffer":true,"appLogName":"blog-node-egg-web.log","coreLogName":"egg-web.log","agentLogName":"egg-agent.log","errorLogName":"common-error.log","coreLogger":{},"allowDebugAtProd":false,"type":"application"}
2019-10-05 10:37:31,287 INFO 11200 [egg-multipart] stream mode enable
2019-10-05 10:37:33,637 INFO 11200 [egg-mongoose] connecting mongodb://127.0.0.1:27017/blogNode
2019-10-05 10:37:35,203 INFO 11200 [egg-static] starting static serve /public/ -> F:\front-end\front-end-study\code\project\github-demo\blog\react\blog-node-egg\app\public
2019-10-05 10:37:35,270 INFO 11200 [egg-security] use methodnoallow middleware
2019-10-05 10:37:35,449 INFO 11200 [egg-security] use noopen middleware
2019-10-05 10:37:35,579 INFO 11200 [egg-security] use nosniff middleware
2019-10-05 10:37:35,732 INFO 11200 [egg-security] use xssProtection middleware
2019-10-05 10:37:36,167 INFO 11200 [egg-security] use xframe middleware
2019-10-05 10:37:36,254 INFO 11200 [egg-security] use dta middleware
2019-10-05 10:37:36,386 INFO 11200 [egg-security] compose 6 middlewares into one security middleware
2019-10-05 10:37:37,265 INFO 11200 [egg:core] dump config after load, 86ms
2019-10-05 10:37:37,441 INFO 11200 [egg-mongoose] starting...
2019-10-05 10:37:37,601 INFO 14220 [egg-mongoose] mongodb://127.0.0.1:27017/blogNode connected successfully
2019-10-05 10:37:37,792 INFO 14220 [egg-mongoose] instance[0] start successfully
2019-10-05 10:37:38,234 INFO 14220 [egg:core] dump config after ready, 54ms
2019-10-05 10:37:38,565 INFO 11200 [egg-mongoose] mongodb://127.0.0.1:27017/blogNode connected successfully
2019-10-05 10:37:38,679 INFO 11200 [egg-mongoose] instance[0] start successfully
2019-10-05 10:37:38,949 INFO 11200 [egg-watcher:application] watcher start success
2019-10-05 10:37:39,368 INFO 11200 [egg:core] dump config after ready, 187ms
2019-10-05 10:37:31,951 INFO 17272 [egg:logger] init all loggers with options: {"dir":"F:\\front-end\\front-end-study\\code\\project\\github-demo\\blog\\react\\blog-node-egg\\logs\\blog-node-egg","encoding":"utf8","env":"prod","level":"INFO","consoleLevel":"INFO","disableConsoleAfterReady":true,"outputJSON":false,"buffer":true,"appLogName":"blog-node-egg-web.log","coreLogName":"egg-web.log","agentLogName":"egg-agent.log","errorLogName":"common-error.log","coreLogger":{},"allowDebugAtProd":false,"type":"application"}
2019-10-05 10:37:32,324 INFO 17272 [egg-multipart] stream mode enable
2019-10-05 10:37:35,807 INFO 17272 [egg-mongoose] connecting mongodb://127.0.0.1:27017/blogNode
2019-10-05 10:37:37,304 INFO 17272 [egg-static] starting static serve /public/ -> F:\front-end\front-end-study\code\project\github-demo\blog\react\blog-node-egg\app\public
2019-10-05 10:37:37,884 INFO 17272 [egg-security] use methodnoallow middleware
2019-10-05 10:37:38,014 INFO 17272 [egg-security] use noopen middleware
2019-10-05 10:37:38,320 INFO 17272 [egg-security] use nosniff middleware
2019-10-05 10:37:38,449 INFO 17272 [egg-security] use xssProtection middleware
2019-10-05 10:37:38,509 INFO 17272 [egg-security] use xframe middleware
2019-10-05 10:37:38,537 INFO 17272 [egg-security] use dta middleware
2019-10-05 10:37:38,538 INFO 17272 [egg-security] compose 6 middlewares into one security middleware
2019-10-05 10:37:39,124 INFO 17272 [egg:core] dump config after load, 163ms
2019-10-05 10:37:39,283 INFO 17272 [egg-mongoose] starting...
2019-10-05 10:37:40,477 INFO 17272 [egg-mongoose] mongodb://127.0.0.1:27017/blogNode connected successfully
2019-10-05 10:37:40,641 INFO 17272 [egg-mongoose] instance[0] start successfully
2019-10-05 10:37:40,696 INFO 17272 [egg-watcher:application] watcher start success
2019-10-05 10:37:41,234 INFO 17272 [egg:core] dump config after ready, 335ms
2019-10-05 10:37:55,106 INFO 17572 [egg:logger] init all loggers with options: {"dir":"F:\\front-end\\front-end-study\\code\\project\\github-demo\\blog\\react\\blog-node-egg\\logs\\blog-node-egg","encoding":"utf8","env":"prod","level":"INFO","consoleLevel":"INFO","disableConsoleAfterReady":true,"outputJSON":false,"buffer":true,"appLogName":"blog-node-egg-web.log","coreLogName":"egg-web.log","agentLogName":"egg-agent.log","errorLogName":"common-error.log","coreLogger":{},"allowDebugAtProd":false,"type":"application"}
2019-10-05 10:37:55,308 INFO 17572 [egg-multipart] stream mode enable
2019-10-05 10:37:57,329 INFO 17572 [egg-mongoose] connecting mongodb://127.0.0.1:27017/blogNode
2019-10-05 10:37:58,202 INFO 17572 [egg-static] starting static serve /public/ -> F:\front-end\front-end-study\code\project\github-demo\blog\react\blog-node-egg\app\public
2019-10-05 10:37:58,441 INFO 17572 [egg-security] use methodnoallow middleware
2019-10-05 10:37:58,575 INFO 17572 [egg-security] use noopen middleware
2019-10-05 10:37:58,710 INFO 17572 [egg-security] use nosniff middleware
2019-10-05 10:37:58,751 INFO 17572 [egg-security] use xssProtection middleware
2019-10-05 10:37:58,767 INFO 17572 [egg-security] use xframe middleware
2019-10-05 10:37:58,770 INFO 17572 [egg-security] use dta middleware
2019-10-05 10:37:58,772 INFO 17572 [egg-security] compose 6 middlewares into one security middleware
2019-10-05 10:37:59,020 INFO 17572 [egg:core] dump config after load, 109ms
2019-10-05 10:37:59,079 INFO 17572 [egg-mongoose] starting...
2019-10-05 10:37:55,296 INFO 17444 [egg:logger] init all loggers with options: {"dir":"F:\\front-end\\front-end-study\\code\\project\\github-demo\\blog\\react\\blog-node-egg\\logs\\blog-node-egg","encoding":"utf8","env":"prod","level":"INFO","consoleLevel":"INFO","disableConsoleAfterReady":true,"outputJSON":false,"buffer":true,"appLogName":"blog-node-egg-web.log","coreLogName":"egg-web.log","agentLogName":"egg-agent.log","errorLogName":"common-error.log","coreLogger":{},"allowDebugAtProd":false,"type":"application"}
2019-10-05 10:37:55,457 INFO 17444 [egg-multipart] stream mode enable
2019-10-05 10:37:57,179 INFO 17444 [egg-mongoose] connecting mongodb://127.0.0.1:27017/blogNode
2019-10-05 10:37:57,816 INFO 17444 [egg-static] starting static serve /public/ -> F:\front-end\front-end-study\code\project\github-demo\blog\react\blog-node-egg\app\public
2019-10-05 10:37:58,071 INFO 17444 [egg-security] use methodnoallow middleware
2019-10-05 10:37:58,138 INFO 17444 [egg-security] use noopen middleware
2019-10-05 10:37:58,436 INFO 17444 [egg-security] use nosniff middleware
2019-10-05 10:37:58,470 INFO 17444 [egg-security] use xssProtection middleware
2019-10-05 10:37:58,516 INFO 17444 [egg-security] use xframe middleware
2019-10-05 10:37:58,582 INFO 17444 [egg-security] use dta middleware
2019-10-05 10:37:58,638 INFO 17444 [egg-security] compose 6 middlewares into one security middleware
2019-10-05 10:37:58,868 INFO 17444 [egg:core] dump config after load, 70ms
2019-10-05 10:37:58,933 INFO 17444 [egg-mongoose] starting...
2019-10-05 10:37:59,641 INFO 17444 [egg-watcher:application] watcher start success
2019-10-05 10:37:59,792 INFO 17444 [egg-mongoose] mongodb://127.0.0.1:27017/blogNode connected successfully
2019-10-05 10:37:59,878 INFO 17444 [egg-mongoose] instance[0] start successfully
2019-10-05 10:37:59,640 INFO 17572 [egg-watcher:application] watcher start success
2019-10-05 10:37:59,672 INFO 17572 [egg-mongoose] mongodb://127.0.0.1:27017/blogNode connected successfully
2019-10-05 10:37:59,766 INFO 17572 [egg-mongoose] instance[0] start successfully
2019-10-05 10:38:00,156 INFO 17572 [egg:core] dump config after ready, 66ms
2019-10-05 10:38:00,326 INFO 17444 [egg:core] dump config after ready, 30ms
2019-10-05 10:38:11,694 INFO 5048 [egg:logger] init all loggers with options: {"dir":"F:\\front-end\\front-end-study\\code\\project\\github-demo\\blog\\react\\blog-node-egg\\logs\\blog-node-egg","encoding":"utf8","env":"prod","level":"INFO","consoleLevel":"INFO","disableConsoleAfterReady":true,"outputJSON":false,"buffer":true,"appLogName":"blog-node-egg-web.log","coreLogName":"egg-web.log","agentLogName":"egg-agent.log","errorLogName":"common-error.log","coreLogger":{},"allowDebugAtProd":false,"type":"application"}
2019-10-05 10:38:11,864 INFO 5048 [egg-multipart] stream mode enable
2019-10-05 10:38:14,007 INFO 5048 [egg-mongoose] connecting mongodb://127.0.0.1:27017/blogNode
2019-10-05 10:38:14,916 INFO 5048 [egg-static] starting static serve /public/ -> F:\front-end\front-end-study\code\project\github-demo\blog\react\blog-node-egg\app\public
2019-10-05 10:38:14,972 INFO 5048 [egg-security] use methodnoallow middleware
2019-10-05 10:38:14,985 INFO 5048 [egg-security] use noopen middleware
2019-10-05 10:38:14,988 INFO 5048 [egg-security] use nosniff middleware
2019-10-05 10:38:15,007 INFO 5048 [egg-security] use xssProtection middleware
2019-10-05 10:38:15,029 INFO 5048 [egg-security] use xframe middleware
2019-10-05 10:38:15,032 INFO 5048 [egg-security] use dta middleware
2019-10-05 10:38:15,033 INFO 5048 [egg-security] compose 6 middlewares into one security middleware
2019-10-05 10:38:15,249 INFO 5048 [egg:core] dump config after load, 54ms
2019-10-05 10:38:15,361 INFO 5048 [egg-mongoose] starting...
2019-10-05 10:38:15,948 INFO 5048 [egg-watcher:application] watcher start success
2019-10-05 10:38:15,978 INFO 5048 [egg-mongoose] mongodb://127.0.0.1:27017/blogNode connected successfully
2019-10-05 10:38:16,014 INFO 5048 [egg-mongoose] instance[0] start successfully
2019-10-05 10:38:16,072 INFO 5048 [egg:core] dump config after ready, 29ms
2019-10-05 10:42:30,086 INFO 18680 [egg:logger] init all loggers with options: {"dir":"F:\\front-end\\front-end-study\\code\\project\\github-demo\\blog\\react\\blog-node-egg\\logs\\blog-node-egg","encoding":"utf8","env":"prod","level":"INFO","consoleLevel":"INFO","disableConsoleAfterReady":true,"outputJSON":false,"buffer":true,"appLogName":"blog-node-egg-web.log","coreLogName":"egg-web.log","agentLogName":"egg-agent.log","errorLogName":"common-error.log","coreLogger":{},"allowDebugAtProd":false,"type":"application"}
2019-10-05 10:42:30,279 INFO 18680 [egg-multipart] stream mode enable
2019-10-05 10:42:31,920 INFO 18680 [egg-mongoose] connecting mongodb://127.0.0.1:27017/blogNode
2019-10-05 10:42:32,516 INFO 18680 [egg-static] starting static serve /public/ -> F:\front-end\front-end-study\code\project\github-demo\blog\react\blog-node-egg\app\public
2019-10-05 10:42:32,620 INFO 18680 [egg-security] use methodnoallow middleware
2019-10-05 10:42:32,622 INFO 18680 [egg-security] use noopen middleware
2019-10-05 10:42:32,625 INFO 18680 [egg-security] use nosniff middleware
2019-10-05 10:42:32,631 INFO 18680 [egg-security] use xssProtection middleware
2019-10-05 10:42:32,641 INFO 18680 [egg-security] use xframe middleware
2019-10-05 10:42:32,645 INFO 18680 [egg-security] use dta middleware
2019-10-05 10:42:32,646 INFO 18680 [egg-security] compose 6 middlewares into one security middleware
2019-10-05 10:42:32,757 INFO 18680 [egg:core] dump config after load, 36ms
2019-10-05 10:42:32,800 INFO 18680 [egg-mongoose] starting...
2019-10-05 10:42:30,265 INFO 9540 [egg:logger] init all loggers with options: {"dir":"F:\\front-end\\front-end-study\\code\\project\\github-demo\\blog\\react\\blog-node-egg\\logs\\blog-node-egg","encoding":"utf8","env":"prod","level":"INFO","consoleLevel":"INFO","disableConsoleAfterReady":true,"outputJSON":false,"buffer":true,"appLogName":"blog-node-egg-web.log","coreLogName":"egg-web.log","agentLogName":"egg-agent.log","errorLogName":"common-error.log","coreLogger":{},"allowDebugAtProd":false,"type":"application"}
2019-10-05 10:42:30,439 INFO 9540 [egg-multipart] stream mode enable
2019-10-05 10:42:32,177 INFO 9540 [egg-mongoose] connecting mongodb://127.0.0.1:27017/blogNode
2019-10-05 10:42:32,631 INFO 9540 [egg-static] starting static serve /public/ -> F:\front-end\front-end-study\code\project\github-demo\blog\react\blog-node-egg\app\public
2019-10-05 10:42:32,742 INFO 9540 [egg-security] use methodnoallow middleware
2019-10-05 10:42:32,765 INFO 9540 [egg-security] use noopen middleware
2019-10-05 10:42:32,781 INFO 9540 [egg-security] use nosniff middleware
2019-10-05 10:42:32,784 INFO 9540 [egg-security] use xssProtection middleware
2019-10-05 10:42:32,786 INFO 9540 [egg-security] use xframe middleware
2019-10-05 10:42:32,787 INFO 9540 [egg-security] use dta middleware
2019-10-05 10:42:32,788 INFO 9540 [egg-security] compose 6 middlewares into one security middleware
2019-10-05 10:42:32,995 INFO 9540 [egg:core] dump config after load, 37ms
2019-10-05 10:42:33,022 INFO 9540 [egg-mongoose] starting...
2019-10-05 10:42:33,261 INFO 18680 [egg-mongoose] mongodb://127.0.0.1:27017/blogNode connected successfully
2019-10-05 10:42:33,325 INFO 18680 [egg-mongoose] instance[0] start successfully
2019-10-05 10:42:33,384 INFO 18680 [egg-watcher:application] watcher start success
2019-10-05 10:42:33,487 INFO 18680 [egg:core] dump config after ready, 35ms
2019-10-05 10:42:33,628 INFO 9540 [egg-watcher:application] watcher start success
2019-10-05 10:42:33,702 INFO 9540 [egg-mongoose] mongodb://127.0.0.1:27017/blogNode connected successfully
2019-10-05 10:42:33,801 INFO 9540 [egg-mongoose] instance[0] start successfully
2019-10-05 10:42:33,933 INFO 9540 [egg:core] dump config after ready, 31ms
2019-10-05 10:42:30,699 INFO 11252 [egg:logger] init all loggers with options: {"dir":"F:\\front-end\\front-end-study\\code\\project\\github-demo\\blog\\react\\blog-node-egg\\logs\\blog-node-egg","encoding":"utf8","env":"prod","level":"INFO","consoleLevel":"INFO","disableConsoleAfterReady":true,"outputJSON":false,"buffer":true,"appLogName":"blog-node-egg-web.log","coreLogName":"egg-web.log","agentLogName":"egg-agent.log","errorLogName":"common-error.log","coreLogger":{},"allowDebugAtProd":false,"type":"application"}
2019-10-05 10:42:30,886 INFO 11252 [egg-multipart] stream mode enable
2019-10-05 10:42:32,453 INFO 11252 [egg-mongoose] connecting mongodb://127.0.0.1:27017/blogNode
2019-10-05 10:42:33,064 INFO 11252 [egg-static] starting static serve /public/ -> F:\front-end\front-end-study\code\project\github-demo\blog\react\blog-node-egg\app\public
2019-10-05 10:42:33,188 INFO 11252 [egg-security] use methodnoallow middleware
2019-10-05 10:42:33,253 INFO 11252 [egg-security] use noopen middleware
2019-10-05 10:42:33,264 INFO 11252 [egg-security] use nosniff middleware
2019-10-05 10:42:33,270 INFO 11252 [egg-security] use xssProtection middleware
2019-10-05 10:42:33,280 INFO 11252 [egg-security] use xframe middleware
2019-10-05 10:42:33,281 INFO 11252 [egg-security] use dta middleware
2019-10-05 10:42:33,285 INFO 11252 [egg-security] compose 6 middlewares into one security middleware
2019-10-05 10:42:33,501 INFO 11252 [egg:core] dump config after load, 66ms
2019-10-05 10:42:33,581 INFO 11252 [egg-mongoose] starting...
2019-10-05 10:42:30,765 INFO 2344 [egg:logger] init all loggers with options: {"dir":"F:\\front-end\\front-end-study\\code\\project\\github-demo\\blog\\react\\blog-node-egg\\logs\\blog-node-egg","encoding":"utf8","env":"prod","level":"INFO","consoleLevel":"INFO","disableConsoleAfterReady":true,"outputJSON":false,"buffer":true,"appLogName":"blog-node-egg-web.log","coreLogName":"egg-web.log","agentLogName":"egg-agent.log","errorLogName":"common-error.log","coreLogger":{},"allowDebugAtProd":false,"type":"application"}
2019-10-05 10:42:30,936 INFO 2344 [egg-multipart] stream mode enable
2019-10-05 10:42:32,540 INFO 2344 [egg-mongoose] connecting mongodb://127.0.0.1:27017/blogNode
2019-10-05 10:42:33,040 INFO 2344 [egg-static] starting static serve /public/ -> F:\front-end\front-end-study\code\project\github-demo\blog\react\blog-node-egg\app\public
2019-10-05 10:42:33,059 INFO 2344 [egg-security] use methodnoallow middleware
2019-10-05 10:42:33,204 INFO 2344 [egg-security] use noopen middleware
2019-10-05 10:42:33,397 INFO 2344 [egg-security] use nosniff middleware
2019-10-05 10:42:33,404 INFO 2344 [egg-security] use xssProtection middleware
2019-10-05 10:42:33,406 INFO 2344 [egg-security] use xframe middleware
2019-10-05 10:42:33,409 INFO 2344 [egg-security] use dta middleware
2019-10-05 10:42:33,411 INFO 2344 [egg-security] compose 6 middlewares into one security middleware
2019-10-05 10:42:33,693 INFO 2344 [egg:core] dump config after load, 47ms
2019-10-05 10:42:33,717 INFO 2344 [egg-mongoose] starting...
2019-10-05 10:42:34,317 INFO 11252 [egg-watcher:application] watcher start success
2019-10-05 10:42:34,404 INFO 11252 [egg-mongoose] mongodb://127.0.0.1:27017/blogNode connected successfully
2019-10-05 10:42:34,530 INFO 11252 [egg-mongoose] instance[0] start successfully
2019-10-05 10:42:34,730 INFO 11252 [egg:core] dump config after ready, 90ms
2019-10-05 10:42:34,374 INFO 2344 [egg-watcher:application] watcher start success
2019-10-05 10:42:34,533 INFO 2344 [egg-mongoose] mongodb://127.0.0.1:27017/blogNode connected successfully
2019-10-05 10:42:34,726 INFO 2344 [egg-mongoose] instance[0] start successfully
2019-10-05 10:42:34,928 INFO 2344 [egg:core] dump config after ready, 87ms
2019-10-05 10:42:43,910 INFO 18860 [egg:logger] init all loggers with options: {"dir":"F:\\front-end\\front-end-study\\code\\project\\github-demo\\blog\\react\\blog-node-egg\\logs\\blog-node-egg","encoding":"utf8","env":"prod","level":"INFO","consoleLevel":"INFO","disableConsoleAfterReady":true,"outputJSON":false,"buffer":true,"appLogName":"blog-node-egg-web.log","coreLogName":"egg-web.log","agentLogName":"egg-agent.log","errorLogName":"common-error.log","coreLogger":{},"allowDebugAtProd":false,"type":"application"}
2019-10-05 10:42:44,038 INFO 18860 [egg-multipart] stream mode enable
2019-10-05 10:42:45,236 INFO 18860 [egg-mongoose] connecting mongodb://127.0.0.1:27017/blogNode
2019-10-05 10:42:45,590 INFO 18860 [egg-static] starting static serve /public/ -> F:\front-end\front-end-study\code\project\github-demo\blog\react\blog-node-egg\app\public
2019-10-05 10:42:45,610 INFO 18860 [egg-security] use methodnoallow middleware
2019-10-05 10:42:45,614 INFO 18860 [egg-security] use noopen middleware
2019-10-05 10:42:45,620 INFO 18860 [egg-security] use nosniff middleware
2019-10-05 10:42:45,621 INFO 18860 [egg-security] use xssProtection middleware
2019-10-05 10:42:45,624 INFO 18860 [egg-security] use xframe middleware
2019-10-05 10:42:45,625 INFO 18860 [egg-security] use dta middleware
2019-10-05 10:42:45,627 INFO 18860 [egg-security] compose 6 middlewares into one security middleware
2019-10-05 10:42:45,740 INFO 18860 [egg:core] dump config after load, 41ms
2019-10-05 10:42:45,758 INFO 18860 [egg-mongoose] starting...
2019-10-05 10:42:44,277 INFO 19432 [egg:logger] init all loggers with options: {"dir":"F:\\front-end\\front-end-study\\code\\project\\github-demo\\blog\\react\\blog-node-egg\\logs\\blog-node-egg","encoding":"utf8","env":"prod","level":"INFO","consoleLevel":"INFO","disableConsoleAfterReady":true,"outputJSON":false,"buffer":true,"appLogName":"blog-node-egg-web.log","coreLogName":"egg-web.log","agentLogName":"egg-agent.log","errorLogName":"common-error.log","coreLogger":{},"allowDebugAtProd":false,"type":"application"}
2019-10-05 10:42:44,388 INFO 19432 [egg-multipart] stream mode enable
2019-10-05 10:42:45,493 INFO 19432 [egg-mongoose] connecting mongodb://127.0.0.1:27017/blogNode
2019-10-05 10:42:45,867 INFO 19432 [egg-static] starting static serve /public/ -> F:\front-end\front-end-study\code\project\github-demo\blog\react\blog-node-egg\app\public
2019-10-05 10:42:45,882 INFO 19432 [egg-security] use methodnoallow middleware
2019-10-05 10:42:45,885 INFO 19432 [egg-security] use noopen middleware
2019-10-05 10:42:45,890 INFO 19432 [egg-security] use nosniff middleware
2019-10-05 10:42:45,893 INFO 19432 [egg-security] use xssProtection middleware
2019-10-05 10:42:45,899 INFO 19432 [egg-security] use xframe middleware
2019-10-05 10:42:45,900 INFO 19432 [egg-security] use dta middleware
2019-10-05 10:42:45,901 INFO 19432 [egg-security] compose 6 middlewares into one security middleware
2019-10-05 10:42:46,005 INFO 19432 [egg:core] dump config after load, 35ms
2019-10-05 10:42:46,030 INFO 19432 [egg-mongoose] starting...
2019-10-05 10:42:46,088 INFO 18860 [egg-watcher:application] watcher start success
2019-10-05 10:42:46,157 INFO 18860 [egg-mongoose] mongodb://127.0.0.1:27017/blogNode connected successfully
2019-10-05 10:42:46,241 INFO 18860 [egg-mongoose] instance[0] start successfully
2019-10-05 10:42:46,316 INFO 18860 [egg:core] dump config after ready, 31ms
2019-10-05 10:42:46,548 INFO 19432 [egg-mongoose] mongodb://127.0.0.1:27017/blogNode connected successfully
2019-10-05 10:42:46,617 INFO 19432 [egg-mongoose] instance[0] start successfully
2019-10-05 10:42:46,691 INFO 19432 [egg-watcher:application] watcher start success
2019-10-05 10:42:46,796 INFO 19432 [egg:core] dump config after ready, 36ms
2019-10-05 10:42:44,562 INFO 11564 [egg:logger] init all loggers with options: {"dir":"F:\\front-end\\front-end-study\\code\\project\\github-demo\\blog\\react\\blog-node-egg\\logs\\blog-node-egg","encoding":"utf8","env":"prod","level":"INFO","consoleLevel":"INFO","disableConsoleAfterReady":true,"outputJSON":false,"buffer":true,"appLogName":"blog-node-egg-web.log","coreLogName":"egg-web.log","agentLogName":"egg-agent.log","errorLogName":"common-error.log","coreLogger":{},"allowDebugAtProd":false,"type":"application"}
2019-10-05 10:42:44,686 INFO 11564 [egg-multipart] stream mode enable
2019-10-05 10:42:45,898 INFO 11564 [egg-mongoose] connecting mongodb://127.0.0.1:27017/blogNode
2019-10-05 10:42:46,447 INFO 11564 [egg-static] starting static serve /public/ -> F:\front-end\front-end-study\code\project\github-demo\blog\react\blog-node-egg\app\public
2019-10-05 10:42:46,607 INFO 11564 [egg-security] use methodnoallow middleware
2019-10-05 10:42:46,610 INFO 11564 [egg-security] use noopen middleware
2019-10-05 10:42:46,614 INFO 11564 [egg-security] use nosniff middleware
2019-10-05 10:42:46,616 INFO 11564 [egg-security] use xssProtection middleware
2019-10-05 10:42:46,618 INFO 11564 [egg-security] use xframe middleware
2019-10-05 10:42:46,626 INFO 11564 [egg-security] use dta middleware
2019-10-05 10:42:46,627 INFO 11564 [egg-security] compose 6 middlewares into one security middleware
2019-10-05 10:42:46,771 INFO 11564 [egg:core] dump config after load, 29ms
2019-10-05 10:42:46,798 INFO 11564 [egg-mongoose] starting...
2019-10-05 10:42:47,393 INFO 11564 [egg-mongoose] mongodb://127.0.0.1:27017/blogNode connected successfully
2019-10-05 10:42:47,478 INFO 11564 [egg-mongoose] instance[0] start successfully
2019-10-05 10:42:47,547 INFO 11564 [egg-watcher:application] watcher start success
2019-10-05 10:42:47,675 INFO 11564 [egg:core] dump config after ready, 28ms
2019-10-05 10:42:55,061 INFO 4164 [egg:logger] init all loggers with options: {"dir":"F:\\front-end\\front-end-study\\code\\project\\github-demo\\blog\\react\\blog-node-egg\\logs\\blog-node-egg","encoding":"utf8","env":"prod","level":"INFO","consoleLevel":"INFO","disableConsoleAfterReady":true,"outputJSON":false,"buffer":true,"appLogName":"blog-node-egg-web.log","coreLogName":"egg-web.log","agentLogName":"egg-agent.log","errorLogName":"common-error.log","coreLogger":{},"allowDebugAtProd":false,"type":"application"}
2019-10-05 10:42:55,231 INFO 4164 [egg-multipart] stream mode enable
2019-10-05 10:42:56,458 INFO 4164 [egg-mongoose] connecting mongodb://127.0.0.1:27017/blogNode
2019-10-05 10:42:56,796 INFO 4164 [egg-static] starting static serve /public/ -> F:\front-end\front-end-study\code\project\github-demo\blog\react\blog-node-egg\app\public
2019-10-05 10:42:56,816 INFO 4164 [egg-security] use methodnoallow middleware
2019-10-05 10:42:56,820 INFO 4164 [egg-security] use noopen middleware
2019-10-05 10:42:56,823 INFO 4164 [egg-security] use nosniff middleware
2019-10-05 10:42:56,825 INFO 4164 [egg-security] use xssProtection middleware
2019-10-05 10:42:56,827 INFO 4164 [egg-security] use xframe middleware
2019-10-05 10:42:56,828 INFO 4164 [egg-security] use dta middleware
2019-10-05 10:42:56,829 INFO 4164 [egg-security] compose 6 middlewares into one security middleware
2019-10-05 10:42:56,949 INFO 4164 [egg:core] dump config after load, 42ms
2019-10-05 10:42:56,976 INFO 4164 [egg-mongoose] starting...
2019-10-05 10:42:57,366 INFO 4164 [egg-watcher:application] watcher start success
2019-10-05 10:42:57,455 INFO 4164 [egg-mongoose] mongodb://127.0.0.1:27017/blogNode connected successfully
2019-10-05 10:42:57,523 INFO 4164 [egg-mongoose] instance[0] start successfully
2019-10-05 10:42:57,621 INFO 4164 [egg:core] dump config after ready, 51ms
2019-10-05 10:42:55,540 INFO 10704 [egg:logger] init all loggers with options: {"dir":"F:\\front-end\\front-end-study\\code\\project\\github-demo\\blog\\react\\blog-node-egg\\logs\\blog-node-egg","encoding":"utf8","env":"prod","level":"INFO","consoleLevel":"INFO","disableConsoleAfterReady":true,"outputJSON":false,"buffer":true,"appLogName":"blog-node-egg-web.log","coreLogName":"egg-web.log","agentLogName":"egg-agent.log","errorLogName":"common-error.log","coreLogger":{},"allowDebugAtProd":false,"type":"application"}
2019-10-05 10:42:55,676 INFO 10704 [egg-multipart] stream mode enable
2019-10-05 10:42:56,859 INFO 10704 [egg-mongoose] connecting mongodb://127.0.0.1:27017/blogNode
2019-10-05 10:42:57,421 INFO 10704 [egg-static] starting static serve /public/ -> F:\front-end\front-end-study\code\project\github-demo\blog\react\blog-node-egg\app\public
2019-10-05 10:42:57,511 INFO 10704 [egg-security] use methodnoallow middleware
2019-10-05 10:42:57,530 INFO 10704 [egg-security] use noopen middleware
2019-10-05 10:42:57,538 INFO 10704 [egg-security] use nosniff middleware
2019-10-05 10:42:57,539 INFO 10704 [egg-security] use xssProtection middleware
2019-10-05 10:42:57,542 INFO 10704 [egg-security] use xframe middleware
2019-10-05 10:42:57,545 INFO 10704 [egg-security] use dta middleware
2019-10-05 10:42:57,619 INFO 10704 [egg-security] compose 6 middlewares into one security middleware
2019-10-05 10:42:57,881 INFO 10704 [egg:core] dump config after load, 51ms
2019-10-05 10:42:57,910 INFO 10704 [egg-mongoose] starting...
2019-10-05 10:42:58,367 INFO 10704 [egg-watcher:application] watcher start success
2019-10-05 10:42:58,423 INFO 10704 [egg-mongoose] mongodb://127.0.0.1:27017/blogNode connected successfully
2019-10-05 10:42:58,538 INFO 10704 [egg-mongoose] instance[0] start successfully
2019-10-05 10:42:58,608 INFO 10704 [egg:core] dump config after ready, 29ms
2019-10-05 10:43:07,725 INFO 10496 [egg:logger] init all loggers with options: {"dir":"F:\\front-end\\front-end-study\\code\\project\\github-demo\\blog\\react\\blog-node-egg\\logs\\blog-node-egg","encoding":"utf8","env":"prod","level":"INFO","consoleLevel":"INFO","disableConsoleAfterReady":true,"outputJSON":false,"buffer":true,"appLogName":"blog-node-egg-web.log","coreLogName":"egg-web.log","agentLogName":"egg-agent.log","errorLogName":"common-error.log","coreLogger":{},"allowDebugAtProd":false,"type":"application"}
2019-10-05 10:43:08,139 INFO 10496 [egg-multipart] stream mode enable
2019-10-05 10:43:09,552 INFO 10496 [egg-mongoose] connecting mongodb://127.0.0.1:27017/blogNode
2019-10-05 10:43:10,058 INFO 10496 [egg-static] starting static serve /public/ -> F:\front-end\front-end-study\code\project\github-demo\blog\react\blog-node-egg\app\public
2019-10-05 10:43:10,110 INFO 10496 [egg-security] use methodnoallow middleware
2019-10-05 10:43:10,116 INFO 10496 [egg-security] use noopen middleware
2019-10-05 10:43:10,150 INFO 10496 [egg-security] use nosniff middleware
2019-10-05 10:43:10,174 INFO 10496 [egg-security] use xssProtection middleware
2019-10-05 10:43:10,196 INFO 10496 [egg-security] use xframe middleware
2019-10-05 10:43:10,201 INFO 10496 [egg-security] use dta middleware
2019-10-05 10:43:10,204 INFO 10496 [egg-security] compose 6 middlewares into one security middleware
2019-10-05 10:43:10,333 INFO 10496 [egg:core] dump config after load, 33ms
2019-10-05 10:43:10,352 INFO 10496 [egg-mongoose] starting...
2019-10-05 10:43:10,750 INFO 10496 [egg-watcher:application] watcher start success
2019-10-05 10:43:10,804 INFO 10496 [egg-mongoose] mongodb://127.0.0.1:27017/blogNode connected successfully
2019-10-05 10:43:10,879 INFO 10496 [egg-mongoose] instance[0] start successfully
2019-10-05 10:43:11,023 INFO 10496 [egg:core] dump config after ready, 53ms
