2019-10-05 10:36:38,429 INFO 17404 [egg-schedule]: register schedule F:\front-end\front-end-study\code\project\github-demo\blog\react\blog-node-egg\node_modules\egg-multipart\app\schedule\clean_tmpdir.js
2019-10-05 10:36:38,429 INFO 17404 [egg-schedule]: register schedule F:\front-end\front-end-study\code\project\github-demo\blog\react\blog-node-egg\node_modules\egg-logrotator\app\schedule\clean_log.js
2019-10-05 10:36:38,429 INFO 17404 [egg-schedule]: register schedule F:\front-end\front-end-study\code\project\github-demo\blog\react\blog-node-egg\node_modules\egg-logrotator\app\schedule\rotate_by_file.js
2019-10-05 10:36:38,505 INFO 18620 [egg-schedule]: register schedule F:\front-end\front-end-study\code\project\github-demo\blog\react\blog-node-egg\node_modules\egg-multipart\app\schedule\clean_tmpdir.js
2019-10-05 10:36:38,505 INFO 18620 [egg-schedule]: register schedule F:\front-end\front-end-study\code\project\github-demo\blog\react\blog-node-egg\node_modules\egg-logrotator\app\schedule\clean_log.js
2019-10-05 10:36:38,505 INFO 18620 [egg-schedule]: register schedule F:\front-end\front-end-study\code\project\github-demo\blog\react\blog-node-egg\node_modules\egg-logrotator\app\schedule\rotate_by_file.js
2019-10-05 10:36:38,343 INFO 11004 [egg-schedule]: register schedule F:\front-end\front-end-study\code\project\github-demo\blog\react\blog-node-egg\node_modules\egg-multipart\app\schedule\clean_tmpdir.js
2019-10-05 10:36:38,343 INFO 11004 [egg-schedule]: register schedule F:\front-end\front-end-study\code\project\github-demo\blog\react\blog-node-egg\node_modules\egg-logrotator\app\schedule\clean_log.js
2019-10-05 10:36:38,343 INFO 11004 [egg-schedule]: register schedule F:\front-end\front-end-study\code\project\github-demo\blog\react\blog-node-egg\node_modules\egg-logrotator\app\schedule\rotate_by_file.js
2019-10-05 10:36:38,303 INFO 19260 [egg-schedule]: register schedule F:\front-end\front-end-study\code\project\github-demo\blog\react\blog-node-egg\node_modules\egg-multipart\app\schedule\clean_tmpdir.js
2019-10-05 10:36:38,303 INFO 19260 [egg-schedule]: register schedule F:\front-end\front-end-study\code\project\github-demo\blog\react\blog-node-egg\node_modules\egg-logrotator\app\schedule\clean_log.js
2019-10-05 10:36:38,303 INFO 19260 [egg-schedule]: register schedule F:\front-end\front-end-study\code\project\github-demo\blog\react\blog-node-egg\node_modules\egg-logrotator\app\schedule\rotate_by_file.js
2019-10-05 10:37:04,759 INFO 15164 [Timer] F:\front-end\front-end-study\code\project\github-demo\blog\react\blog-node-egg\node_modules\egg-multipart\app\schedule\clean_tmpdir.js next time will execute after 64375253ms at 2019-10-06 04:30:00.011
2019-10-05 10:37:04,760 INFO 15164 [Timer] F:\front-end\front-end-study\code\project\github-demo\blog\react\blog-node-egg\node_modules\egg-logrotator\app\schedule\clean_log.js next time will execute after 48175241ms at 2019-10-06 00:00:00.001
2019-10-05 10:37:04,761 INFO 15164 [Timer] F:\front-end\front-end-study\code\project\github-demo\blog\react\blog-node-egg\node_modules\egg-logrotator\app\schedule\rotate_by_file.js next time will execute after 48176240ms at 2019-10-06 00:00:01.001
2019-10-05 10:37:30,618 INFO 14220 [egg-schedule]: register schedule F:\front-end\front-end-study\code\project\github-demo\blog\react\blog-node-egg\node_modules\egg-multipart\app\schedule\clean_tmpdir.js
2019-10-05 10:37:30,618 INFO 14220 [egg-schedule]: register schedule F:\front-end\front-end-study\code\project\github-demo\blog\react\blog-node-egg\node_modules\egg-logrotator\app\schedule\clean_log.js
2019-10-05 10:37:30,618 INFO 14220 [egg-schedule]: register schedule F:\front-end\front-end-study\code\project\github-demo\blog\react\blog-node-egg\node_modules\egg-logrotator\app\schedule\rotate_by_file.js
2019-10-05 10:37:31,285 INFO 11200 [egg-schedule]: register schedule F:\front-end\front-end-study\code\project\github-demo\blog\react\blog-node-egg\node_modules\egg-multipart\app\schedule\clean_tmpdir.js
2019-10-05 10:37:31,285 INFO 11200 [egg-schedule]: register schedule F:\front-end\front-end-study\code\project\github-demo\blog\react\blog-node-egg\node_modules\egg-logrotator\app\schedule\clean_log.js
2019-10-05 10:37:31,285 INFO 11200 [egg-schedule]: register schedule F:\front-end\front-end-study\code\project\github-demo\blog\react\blog-node-egg\node_modules\egg-logrotator\app\schedule\rotate_by_file.js
2019-10-05 10:37:32,321 INFO 17272 [egg-schedule]: register schedule F:\front-end\front-end-study\code\project\github-demo\blog\react\blog-node-egg\node_modules\egg-multipart\app\schedule\clean_tmpdir.js
2019-10-05 10:37:32,321 INFO 17272 [egg-schedule]: register schedule F:\front-end\front-end-study\code\project\github-demo\blog\react\blog-node-egg\node_modules\egg-logrotator\app\schedule\clean_log.js
2019-10-05 10:37:32,322 INFO 17272 [egg-schedule]: register schedule F:\front-end\front-end-study\code\project\github-demo\blog\react\blog-node-egg\node_modules\egg-logrotator\app\schedule\rotate_by_file.js
2019-10-05 10:37:55,306 INFO 17572 [egg-schedule]: register schedule F:\front-end\front-end-study\code\project\github-demo\blog\react\blog-node-egg\node_modules\egg-multipart\app\schedule\clean_tmpdir.js
2019-10-05 10:37:55,306 INFO 17572 [egg-schedule]: register schedule F:\front-end\front-end-study\code\project\github-demo\blog\react\blog-node-egg\node_modules\egg-logrotator\app\schedule\clean_log.js
2019-10-05 10:37:55,306 INFO 17572 [egg-schedule]: register schedule F:\front-end\front-end-study\code\project\github-demo\blog\react\blog-node-egg\node_modules\egg-logrotator\app\schedule\rotate_by_file.js
2019-10-05 10:37:55,447 INFO 17444 [egg-schedule]: register schedule F:\front-end\front-end-study\code\project\github-demo\blog\react\blog-node-egg\node_modules\egg-multipart\app\schedule\clean_tmpdir.js
2019-10-05 10:37:55,447 INFO 17444 [egg-schedule]: register schedule F:\front-end\front-end-study\code\project\github-demo\blog\react\blog-node-egg\node_modules\egg-logrotator\app\schedule\clean_log.js
2019-10-05 10:37:55,447 INFO 17444 [egg-schedule]: register schedule F:\front-end\front-end-study\code\project\github-demo\blog\react\blog-node-egg\node_modules\egg-logrotator\app\schedule\rotate_by_file.js
2019-10-05 10:38:11,862 INFO 5048 [egg-schedule]: register schedule F:\front-end\front-end-study\code\project\github-demo\blog\react\blog-node-egg\node_modules\egg-multipart\app\schedule\clean_tmpdir.js
2019-10-05 10:38:11,862 INFO 5048 [egg-schedule]: register schedule F:\front-end\front-end-study\code\project\github-demo\blog\react\blog-node-egg\node_modules\egg-logrotator\app\schedule\clean_log.js
2019-10-05 10:38:11,862 INFO 5048 [egg-schedule]: register schedule F:\front-end\front-end-study\code\project\github-demo\blog\react\blog-node-egg\node_modules\egg-logrotator\app\schedule\rotate_by_file.js
2019-10-05 10:42:30,278 INFO 18680 [egg-schedule]: register schedule F:\front-end\front-end-study\code\project\github-demo\blog\react\blog-node-egg\node_modules\egg-multipart\app\schedule\clean_tmpdir.js
2019-10-05 10:42:30,278 INFO 18680 [egg-schedule]: register schedule F:\front-end\front-end-study\code\project\github-demo\blog\react\blog-node-egg\node_modules\egg-logrotator\app\schedule\clean_log.js
2019-10-05 10:42:30,278 INFO 18680 [egg-schedule]: register schedule F:\front-end\front-end-study\code\project\github-demo\blog\react\blog-node-egg\node_modules\egg-logrotator\app\schedule\rotate_by_file.js
2019-10-05 10:42:30,438 INFO 9540 [egg-schedule]: register schedule F:\front-end\front-end-study\code\project\github-demo\blog\react\blog-node-egg\node_modules\egg-multipart\app\schedule\clean_tmpdir.js
2019-10-05 10:42:30,438 INFO 9540 [egg-schedule]: register schedule F:\front-end\front-end-study\code\project\github-demo\blog\react\blog-node-egg\node_modules\egg-logrotator\app\schedule\clean_log.js
2019-10-05 10:42:30,438 INFO 9540 [egg-schedule]: register schedule F:\front-end\front-end-study\code\project\github-demo\blog\react\blog-node-egg\node_modules\egg-logrotator\app\schedule\rotate_by_file.js
2019-10-05 10:42:30,884 INFO 11252 [egg-schedule]: register schedule F:\front-end\front-end-study\code\project\github-demo\blog\react\blog-node-egg\node_modules\egg-multipart\app\schedule\clean_tmpdir.js
2019-10-05 10:42:30,884 INFO 11252 [egg-schedule]: register schedule F:\front-end\front-end-study\code\project\github-demo\blog\react\blog-node-egg\node_modules\egg-logrotator\app\schedule\clean_log.js
2019-10-05 10:42:30,884 INFO 11252 [egg-schedule]: register schedule F:\front-end\front-end-study\code\project\github-demo\blog\react\blog-node-egg\node_modules\egg-logrotator\app\schedule\rotate_by_file.js
2019-10-05 10:42:30,934 INFO 2344 [egg-schedule]: register schedule F:\front-end\front-end-study\code\project\github-demo\blog\react\blog-node-egg\node_modules\egg-multipart\app\schedule\clean_tmpdir.js
2019-10-05 10:42:30,934 INFO 2344 [egg-schedule]: register schedule F:\front-end\front-end-study\code\project\github-demo\blog\react\blog-node-egg\node_modules\egg-logrotator\app\schedule\clean_log.js
2019-10-05 10:42:30,934 INFO 2344 [egg-schedule]: register schedule F:\front-end\front-end-study\code\project\github-demo\blog\react\blog-node-egg\node_modules\egg-logrotator\app\schedule\rotate_by_file.js
2019-10-05 10:42:34,984 INFO 17568 [Timer] F:\front-end\front-end-study\code\project\github-demo\blog\react\blog-node-egg\node_modules\egg-multipart\app\schedule\clean_tmpdir.js next time will execute after 64045034ms at 2019-10-06 04:30:00.018
2019-10-05 10:42:34,988 INFO 17568 [Timer] F:\front-end\front-end-study\code\project\github-demo\blog\react\blog-node-egg\node_modules\egg-logrotator\app\schedule\clean_log.js next time will execute after 47845015ms at 2019-10-06 00:00:00.003
2019-10-05 10:42:34,989 INFO 17568 [Timer] F:\front-end\front-end-study\code\project\github-demo\blog\react\blog-node-egg\node_modules\egg-logrotator\app\schedule\rotate_by_file.js next time will execute after 47846012ms at 2019-10-06 00:00:01.001
2019-10-05 10:42:44,035 INFO 18860 [egg-schedule]: register schedule F:\front-end\front-end-study\code\project\github-demo\blog\react\blog-node-egg\node_modules\egg-multipart\app\schedule\clean_tmpdir.js
2019-10-05 10:42:44,035 INFO 18860 [egg-schedule]: register schedule F:\front-end\front-end-study\code\project\github-demo\blog\react\blog-node-egg\node_modules\egg-logrotator\app\schedule\clean_log.js
2019-10-05 10:42:44,035 INFO 18860 [egg-schedule]: register schedule F:\front-end\front-end-study\code\project\github-demo\blog\react\blog-node-egg\node_modules\egg-logrotator\app\schedule\rotate_by_file.js
2019-10-05 10:42:44,386 INFO 19432 [egg-schedule]: register schedule F:\front-end\front-end-study\code\project\github-demo\blog\react\blog-node-egg\node_modules\egg-multipart\app\schedule\clean_tmpdir.js
2019-10-05 10:42:44,386 INFO 19432 [egg-schedule]: register schedule F:\front-end\front-end-study\code\project\github-demo\blog\react\blog-node-egg\node_modules\egg-logrotator\app\schedule\clean_log.js
2019-10-05 10:42:44,386 INFO 19432 [egg-schedule]: register schedule F:\front-end\front-end-study\code\project\github-demo\blog\react\blog-node-egg\node_modules\egg-logrotator\app\schedule\rotate_by_file.js
2019-10-05 10:42:44,684 INFO 11564 [egg-schedule]: register schedule F:\front-end\front-end-study\code\project\github-demo\blog\react\blog-node-egg\node_modules\egg-multipart\app\schedule\clean_tmpdir.js
2019-10-05 10:42:44,684 INFO 11564 [egg-schedule]: register schedule F:\front-end\front-end-study\code\project\github-demo\blog\react\blog-node-egg\node_modules\egg-logrotator\app\schedule\clean_log.js
2019-10-05 10:42:44,685 INFO 11564 [egg-schedule]: register schedule F:\front-end\front-end-study\code\project\github-demo\blog\react\blog-node-egg\node_modules\egg-logrotator\app\schedule\rotate_by_file.js
2019-10-05 10:42:55,229 INFO 4164 [egg-schedule]: register schedule F:\front-end\front-end-study\code\project\github-demo\blog\react\blog-node-egg\node_modules\egg-multipart\app\schedule\clean_tmpdir.js
2019-10-05 10:42:55,229 INFO 4164 [egg-schedule]: register schedule F:\front-end\front-end-study\code\project\github-demo\blog\react\blog-node-egg\node_modules\egg-logrotator\app\schedule\clean_log.js
2019-10-05 10:42:55,230 INFO 4164 [egg-schedule]: register schedule F:\front-end\front-end-study\code\project\github-demo\blog\react\blog-node-egg\node_modules\egg-logrotator\app\schedule\rotate_by_file.js
2019-10-05 10:42:55,675 INFO 10704 [egg-schedule]: register schedule F:\front-end\front-end-study\code\project\github-demo\blog\react\blog-node-egg\node_modules\egg-multipart\app\schedule\clean_tmpdir.js
2019-10-05 10:42:55,675 INFO 10704 [egg-schedule]: register schedule F:\front-end\front-end-study\code\project\github-demo\blog\react\blog-node-egg\node_modules\egg-logrotator\app\schedule\clean_log.js
2019-10-05 10:42:55,675 INFO 10704 [egg-schedule]: register schedule F:\front-end\front-end-study\code\project\github-demo\blog\react\blog-node-egg\node_modules\egg-logrotator\app\schedule\rotate_by_file.js
2019-10-05 10:43:08,136 INFO 10496 [egg-schedule]: register schedule F:\front-end\front-end-study\code\project\github-demo\blog\react\blog-node-egg\node_modules\egg-multipart\app\schedule\clean_tmpdir.js
2019-10-05 10:43:08,136 INFO 10496 [egg-schedule]: register schedule F:\front-end\front-end-study\code\project\github-demo\blog\react\blog-node-egg\node_modules\egg-logrotator\app\schedule\clean_log.js
2019-10-05 10:43:08,136 INFO 10496 [egg-schedule]: register schedule F:\front-end\front-end-study\code\project\github-demo\blog\react\blog-node-egg\node_modules\egg-logrotator\app\schedule\rotate_by_file.js
